OpenJDK 64-Bit Server VM warning: Option UseConcMarkSweepGC was deprecated in version 9.0 and will likely be removed in a future release.
2020-01-29 18:48:50,315 [   3198]   WARN - s.impl.EditorColorsManagerImpl - Cannot find scheme: VibrantInk from plugin: com.intellij.database 
2020-01-29 18:48:50,315 [   3198]   WARN - s.impl.EditorColorsManagerImpl - Cannot find scheme: WarmNeon from plugin: com.intellij.database 
2020-01-29 18:49:20,640 [  33523]   WARN - tartup.impl.StartupManagerImpl - /home/taenyang/my-sample/.idea 
java.io.FileNotFoundException: /home/taenyang/my-sample/.idea
	at com.intellij.openapi.util.io.FileUtil.isFileSystemCaseSensitive(FileUtil.java:1470)
	at com.intellij.ide.startup.impl.StartupManagerImpl.checkFsSanity(StartupManagerImpl.java:322)
	at com.intellij.ide.startup.impl.StartupManagerImpl.runPostStartupActivities(StartupManagerImpl.java:256)
	at com.intellij.openapi.project.impl.ProjectManagerImpl.lambda$doLoadProject$10(ProjectManagerImpl.java:464)
	at com.intellij.openapi.application.TransactionGuardImpl$2.run(TransactionGuardImpl.java:309)
	at com.intellij.openapi.application.impl.LaterInvocator$FlushQueue.doRun(LaterInvocator.java:441)
	at com.intellij.openapi.application.impl.LaterInvocator$FlushQueue.runNextEvent(LaterInvocator.java:424)
	at com.intellij.openapi.application.impl.LaterInvocator$FlushQueue.run(LaterInvocator.java:407)
	at java.desktop/java.awt.event.InvocationEvent.dispatch(InvocationEvent.java:313)
	at java.desktop/java.awt.EventQueue.dispatchEventImpl(EventQueue.java:776)
	at java.desktop/java.awt.EventQueue$4.run(EventQueue.java:727)
	at java.desktop/java.awt.EventQueue$4.run(EventQueue.java:721)
	at java.base/java.security.AccessController.doPrivileged(Native Method)
	at java.base/java.security.ProtectionDomain$JavaSecurityAccessImpl.doIntersectionPrivilege(ProtectionDomain.java:85)
	at java.desktop/java.awt.EventQueue.dispatchEvent(EventQueue.java:746)
	at com.intellij.ide.IdeEventQueue.defaultDispatchEvent(IdeEventQueue.java:908)
	at com.intellij.ide.IdeEventQueue._dispatchEvent(IdeEventQueue.java:781)
	at com.intellij.ide.IdeEventQueue.lambda$dispatchEvent$8(IdeEventQueue.java:424)
	at com.intellij.openapi.progress.impl.CoreProgressManager.computePrioritized(CoreProgressManager.java:698)
	at com.intellij.ide.IdeEventQueue.dispatchEvent(IdeEventQueue.java:423)
	at java.desktop/java.awt.EventDispatchThread.pumpOneEventForFilters(EventDispatchThread.java:203)
	at java.desktop/java.awt.EventDispatchThread.pumpEventsForFilter(EventDispatchThread.java:124)
	at java.desktop/java.awt.EventDispatchThread.pumpEventsForHierarchy(EventDispatchThread.java:113)
	at java.desktop/java.awt.EventDispatchThread.pumpEvents(EventDispatchThread.java:109)
	at java.desktop/java.awt.EventDispatchThread.pumpEvents(EventDispatchThread.java:101)
	at java.desktop/java.awt.EventDispatchThread.run(EventDispatchThread.java:90)
2020-01-29 18:50:07,038 [  79921]   WARN - ystem.impl.ActionPopupMenuImpl - 2907ms to fill popup menu ProjectViewPopup 
2020-01-30 03:26:27,796 [31060679]   WARN - om.intellij.util.FieldAccessor - Field not found: javafx.embed.swing.JFXPanel.scaleFactor 
